<?xml version="1.0" encoding="UTF-8"?>
<!-- Generated by org.testng.reporters.JUnitReportReporter -->
<testsuite skipped="0" hostname="IN-HBharish-1" name="com.unisys.pom.testcases.LoginTest_1" tests="1" failures="0" timestamp="25 Apr 2017 06:21:22 GMT" time="47.205" errors="0">
  <testcase name="doLogin_1" time="47.205" classname="com.unisys.pom.testcases.LoginTest_1"/>
</testsuite> <!-- com.unisys.pom.testcases.LoginTest_1 -->
