<?xml version="1.0" encoding="UTF-8"?>
<!-- Generated by org.testng.reporters.JUnitReportReporter -->
<testsuite name="com.unisys.pom.testcases.LoginTest" tests="1" time="20.833" ignored="0" failures="0" timestamp="25 Apr 2017 11:11:07 GMT" skipped="0" hostname="IN-HBharish-1" errors="0">
  <testcase name="doLogin" time="20.833" classname="com.unisys.pom.testcases.LoginTest"/>
</testsuite> <!-- com.unisys.pom.testcases.LoginTest -->
