<?xml version="1.0" encoding="UTF-8"?>
<!-- Generated by org.testng.reporters.JUnitReportReporter -->
<testsuite name="com.unisys.pom.testcases.LoginTest_1" tests="1" time="39.794" ignored="0" failures="0" timestamp="25 Apr 2017 11:11:07 GMT" skipped="0" hostname="IN-HBharish-1" errors="0">
  <testcase name="doLogin_1" time="39.794" classname="com.unisys.pom.testcases.LoginTest_1"/>
</testsuite> <!-- com.unisys.pom.testcases.LoginTest_1 -->
