<?xml version="1.0" encoding="UTF-8"?>
<!-- Generated by org.testng.reporters.JUnitReportReporter -->
<testsuite name="com.unisys.pom.testcases.LoginTest_2" tests="1" time="0.498" ignored="0" failures="0" timestamp="25 Apr 2017 11:11:07 GMT" skipped="1" hostname="IN-HBharish-1" errors="0">
  <testcase name="doLogin_2" time="0.498" classname="com.unisys.pom.testcases.LoginTest_2">
    <skipped/>
  </testcase> <!-- doLogin_2 -->
</testsuite> <!-- com.unisys.pom.testcases.LoginTest_2 -->
